# JRE version: OpenJDK Runtime Environment Temurin-21.0.8+9 (21.0.8+9) (build 21.0.8+9-LTS)
# Java VM: OpenJDK 64-Bit Server VM Temurin-21.0.8+9 (21.0.8+9-LTS, mixed mode, sharing, tiered, compressed oops, compressed class ptrs, parallel gc, windows-amd64)
GC Precious Log:
 CardTable entry size: 512
 CPUs: 8 total, 8 available
 Memory: 7876M
 Large Page Support: Disabled
 NUMA Support: Disabled
 Compressed Oops: Enabled (32-bit)
 Alignments: Space 512K, Generation 512K, Heap 2M
 Heap Min Capacity: 100M
 Heap Initial Capacity: 100M
 Heap Max Capacity: 2G
 Pre-touch: Disabled
 Parallel Workers: 8
Heap:
 PSYoungGen      total 15360K, used 1832K [0x00000000d5580000, 0x00000000d6b80000, 0x0000000100000000)
  eden space 13824K, 4% used [0x00000000d5580000,0x00000000d5622218,0x00000000d6300000)
  from space 1536K, 77% used [0x00000000d6300000,0x00000000d6428000,0x00000000d6480000)
  to   space 3584K, 0% used [0x00000000d6800000,0x00000000d6800000,0x00000000d6b80000)
 ParOldGen       total 1216512K, used 686206K [0x0000000080000000, 0x00000000ca400000, 0x00000000d5580000)
  object space 1216512K, 56% used [0x0000000080000000,0x00000000a9e1fb88,0x00000000ca400000)
 Metaspace       used 95098K, committed 96768K, reserved 1179648K
  class space    used 9532K, committed 10304K, reserved 1048576K
GC Heap History (20 events):
Event: 45987.698 GC heap before
{Heap before GC invocations=2216 (full 6):
 PSYoungGen      total 11264K, used 9524K [0x00000000d5580000, 0x00000000d6580000, 0x0000000100000000)
  eden space 8704K, 100% used [0x00000000d5580000,0x00000000d5e00000,0x00000000d5e00000)
  from space 2560K, 32% used [0x00000000d6180000,0x00000000d624d200,0x00000000d6400000)
  to   space 1536K, 0% used [0x00000000d6400000,0x00000000d6400000,0x00000000d6580000)
 ParOldGen       total 1216512K, used 619022K [0x0000000080000000, 0x00000000ca400000, 0x00000000d5580000)
  object space 1216512K, 50% used [0x0000000080000000,0x00000000a5c838e8,0x00000000ca400000)
 Metaspace       used 95088K, committed 96704K, reserved 1179648K
  class space    used 9532K, committed 10304K, reserved 1048576K
}
Event: 45987.704 GC heap after
{Heap after GC invocations=2216 (full 6):
 PSYoungGen      total 9216K, used 250K [0x00000000d5580000, 0x00000000d6480000, 0x0000000100000000)
  eden space 8704K, 0% used [0x00000000d5580000,0x00000000d5580000,0x00000000d5e00000)
  from space 512K, 48% used [0x00000000d6400000,0x00000000d643e900,0x00000000d6480000)
  to   space 1024K, 0% used [0x00000000d6280000,0x00000000d6280000,0x00000000d6380000)
 ParOldGen       total 1216512K, used 619046K [0x0000000080000000, 0x00000000ca400000, 0x00000000d5580000)
  object space 1216512K, 50% used [0x0000000080000000,0x00000000a5c898e8,0x00000000ca400000)
 Metaspace       used 95088K, committed 96704K, reserved 1179648K
  class space    used 9532K, committed 10304K, reserved 1048576K
}
Event: 46007.088 GC heap before
{Heap before GC invocations=2217 (full 6):
 PSYoungGen      total 9216K, used 8954K [0x00000000d5580000, 0x00000000d6480000, 0x0000000100000000)
  eden space 8704K, 100% used [0x00000000d5580000,0x00000000d5e00000,0x00000000d5e00000)
  from space 512K, 48% used [0x00000000d6400000,0x00000000d643e900,0x00000000d6480000)
  to   space 1024K, 0% used [0x00000000d6280000,0x00000000d6280000,0x00000000d6380000)
 ParOldGen       total 1216512K, used 619046K [0x0000000080000000, 0x00000000ca400000, 0x00000000d5580000)
  object space 1216512K, 50% used [0x0000000080000000,0x00000000a5c898e8,0x00000000ca400000)
 Metaspace       used 95088K, committed 96704K, reserved 1179648K
  class space    used 9532K, committed 10304K, reserved 1048576K
}
Event: 46007.094 GC heap after
{Heap after GC invocations=2217 (full 6):
 PSYoungGen      total 9728K, used 516K [0x00000000d5580000, 0x00000000d6480000, 0x0000000100000000)
  eden space 8704K, 0% used [0x00000000d5580000,0x00000000d5580000,0x00000000d5e00000)
  from space 1024K, 50% used [0x00000000d6280000,0x00000000d6301210,0x00000000d6380000)
  to   space 1024K, 0% used [0x00000000d6380000,0x00000000d6380000,0x00000000d6480000)
 ParOldGen       total 1216512K, used 619102K [0x0000000080000000, 0x00000000ca400000, 0x00000000d5580000)
  object space 1216512K, 50% used [0x0000000080000000,0x00000000a5c978e8,0x00000000ca400000)
 Metaspace       used 95088K, committed 96704K, reserved 1179648K
  class space    used 9532K, committed 10304K, reserved 1048576K
}
Event: 46007.179 GC heap before
{Heap before GC invocations=2218 (full 6):
 PSYoungGen      total 9728K, used 9220K [0x00000000d5580000, 0x00000000d6480000, 0x0000000100000000)
  eden space 8704K, 100% used [0x00000000d5580000,0x00000000d5e00000,0x00000000d5e00000)
  from space 1024K, 50% used [0x00000000d6280000,0x00000000d6301210,0x00000000d6380000)
  to   space 1024K, 0% used [0x00000000d6380000,0x00000000d6380000,0x00000000d6480000)
 ParOldGen       total 1216512K, used 619102K [0x0000000080000000, 0x00000000ca400000, 0x00000000d5580000)
  object space 1216512K, 50% used [0x0000000080000000,0x00000000a5c978e8,0x00000000ca400000)
 Metaspace       used 95088K, committed 96704K, reserved 1179648K
  class space    used 9532K, committed 10304K, reserved 1048576K
}
Event: 46007.207 GC heap after
{Heap after GC invocations=2218 (full 6):
 PSYoungGen      total 8192K, used 997K [0x00000000d5580000, 0x00000000d6c00000, 0x0000000100000000)
  eden space 7168K, 0% used [0x00000000d5580000,0x00000000d5580000,0x00000000d5c80000)
  from space 1024K, 97% used [0x00000000d6380000,0x00000000d6479580,0x00000000d6480000)
  to   space 7168K, 0% used [0x00000000d5c80000,0x00000000d5c80000,0x00000000d6380000)
 ParOldGen       total 1216512K, used 624240K [0x0000000080000000, 0x00000000ca400000, 0x00000000d5580000)
  object space 1216512K, 51% used [0x0000000080000000,0x00000000a619c1a0,0x00000000ca400000)
 Metaspace       used 95088K, committed 96704K, reserved 1179648K
  class space    used 9532K, committed 10304K, reserved 1048576K
}
Event: 46007.245 GC heap before
{Heap before GC invocations=2219 (full 6):
 PSYoungGen      total 8192K, used 8165K [0x00000000d5580000, 0x00000000d6c00000, 0x0000000100000000)
  eden space 7168K, 100% used [0x00000000d5580000,0x00000000d5c80000,0x00000000d5c80000)
  from space 1024K, 97% used [0x00000000d6380000,0x00000000d6479580,0x00000000d6480000)
  to   space 7168K, 0% used [0x00000000d5c80000,0x00000000d5c80000,0x00000000d6380000)
 ParOldGen       total 1216512K, used 624240K [0x0000000080000000, 0x00000000ca400000, 0x00000000d5580000)
  object space 1216512K, 51% used [0x0000000080000000,0x00000000a619c1a0,0x00000000ca400000)
 Metaspace       used 95088K, committed 96704K, reserved 1179648K
  class space    used 9532K, committed 10304K, reserved 1048576K
}
Event: 46007.262 GC heap after
{Heap after GC invocations=2219 (full 6):
 PSYoungGen      total 14336K, used 6704K [0x00000000d5580000, 0x00000000d6a80000, 0x0000000100000000)
  eden space 7168K, 0% used [0x00000000d5580000,0x00000000d5580000,0x00000000d5c80000)
  from space 7168K, 93% used [0x00000000d5c80000,0x00000000d630c010,0x00000000d6380000)
  to   space 7168K, 0% used [0x00000000d6380000,0x00000000d6380000,0x00000000d6a80000)
 ParOldGen       total 1216512K, used 625205K [0x0000000080000000, 0x00000000ca400000, 0x00000000d5580000)
  object space 1216512K, 51% used [0x0000000080000000,0x00000000a628d740,0x00000000ca400000)
 Metaspace       used 95088K, committed 96704K, reserved 1179648K
  class space    used 9532K, committed 10304K, reserved 1048576K
}
Event: 46007.309 GC heap before
{Heap before GC invocations=2220 (full 6):
 PSYoungGen      total 14336K, used 13866K [0x00000000d5580000, 0x00000000d6a80000, 0x0000000100000000)
  eden space 7168K, 99% used [0x00000000d5580000,0x00000000d5c7e9c0,0x00000000d5c80000)
  from space 7168K, 93% used [0x00000000d5c80000,0x00000000d630c010,0x00000000d6380000)
  to   space 7168K, 0% used [0x00000000d6380000,0x00000000d6380000,0x00000000d6a80000)
 ParOldGen       total 1216512K, used 625205K [0x0000000080000000, 0x00000000ca400000, 0x00000000d5580000)
  object space 1216512K, 51% used [0x0000000080000000,0x00000000a628d740,0x00000000ca400000)
 Metaspace       used 95088K, committed 96704K, reserved 1179648K
  class space    used 9532K, committed 10304K, reserved 1048576K
}
Event: 46007.356 GC heap after
{Heap after GC invocations=2220 (full 6):
 PSYoungGen      total 14848K, used 6116K [0x00000000d5580000, 0x00000000d6b00000, 0x0000000100000000)
  eden space 7680K, 0% used [0x00000000d5580000,0x00000000d5580000,0x00000000d5d00000)
  from space 7168K, 85% used [0x00000000d6380000,0x00000000d69791b8,0x00000000d6a80000)
  to   space 6656K, 0% used [0x00000000d5d00000,0x00000000d5d00000,0x00000000d6380000)
 ParOldGen       total 1216512K, used 631821K [0x0000000080000000, 0x00000000ca400000, 0x00000000d5580000)
  object space 1216512K, 51% used [0x0000000080000000,0x00000000a6903770,0x00000000ca400000)
 Metaspace       used 95088K, committed 96704K, reserved 1179648K
  class space    used 9532K, committed 10304K, reserved 1048576K
}
Event: 46007.438 GC heap before
{Heap before GC invocations=2221 (full 6):
 PSYoungGen      total 14848K, used 13796K [0x00000000d5580000, 0x00000000d6b00000, 0x0000000100000000)
  eden space 7680K, 100% used [0x00000000d5580000,0x00000000d5d00000,0x00000000d5d00000)
  from space 7168K, 85% used [0x00000000d6380000,0x00000000d69791b8,0x00000000d6a80000)
  to   space 6656K, 0% used [0x00000000d5d00000,0x00000000d5d00000,0x00000000d6380000)
 ParOldGen       total 1216512K, used 631821K [0x0000000080000000, 0x00000000ca400000, 0x00000000d5580000)
  object space 1216512K, 51% used [0x0000000080000000,0x00000000a6903770,0x00000000ca400000)
 Metaspace       used 95088K, committed 96704K, reserved 1179648K
  class space    used 9532K, committed 10304K, reserved 1048576K
}
Event: 46007.469 GC heap after
{Heap after GC invocations=2221 (full 6):
 PSYoungGen      total 14336K, used 5370K [0x00000000d5580000, 0x00000000d6a80000, 0x0000000100000000)
  eden space 7680K, 0% used [0x00000000d5580000,0x00000000d5580000,0x00000000d5d00000)
  from space 6656K, 80% used [0x00000000d5d00000,0x00000000d623eab0,0x00000000d6380000)
  to   space 6144K, 0% used [0x00000000d6480000,0x00000000d6480000,0x00000000d6a80000)
 ParOldGen       total 1216512K, used 637087K [0x0000000080000000, 0x00000000ca400000, 0x00000000d5580000)
  object space 1216512K, 52% used [0x0000000080000000,0x00000000a6e27c88,0x00000000ca400000)
 Metaspace       used 95088K, committed 96704K, reserved 1179648K
  class space    used 9532K, committed 10304K, reserved 1048576K
}
Event: 46007.526 GC heap before
{Heap before GC invocations=2222 (full 6):
 PSYoungGen      total 14336K, used 13050K [0x00000000d5580000, 0x00000000d6a80000, 0x0000000100000000)
  eden space 7680K, 100% used [0x00000000d5580000,0x00000000d5d00000,0x00000000d5d00000)
  from space 6656K, 80% used [0x00000000d5d00000,0x00000000d623eab0,0x00000000d6380000)
  to   space 6144K, 0% used [0x00000000d6480000,0x00000000d6480000,0x00000000d6a80000)
 ParOldGen       total 1216512K, used 637087K [0x0000000080000000, 0x00000000ca400000, 0x00000000d5580000)
  object space 1216512K, 52% used [0x0000000080000000,0x00000000a6e27c88,0x00000000ca400000)
 Metaspace       used 95089K, committed 96704K, reserved 1179648K
  class space    used 9532K, committed 10304K, reserved 1048576K
}
Event: 46007.557 GC heap after
{Heap after GC invocations=2222 (full 6):
 PSYoungGen      total 10240K, used 860K [0x00000000d5580000, 0x00000000d6580000, 0x0000000100000000)
  eden space 9216K, 0% used [0x00000000d5580000,0x00000000d5580000,0x00000000d5e80000)
  from space 1024K, 83% used [0x00000000d6480000,0x00000000d6557000,0x00000000d6580000)
  to   space 3072K, 0% used [0x00000000d5f80000,0x00000000d5f80000,0x00000000d6280000)
 ParOldGen       total 1216512K, used 642612K [0x0000000080000000, 0x00000000ca400000, 0x00000000d5580000)
  object space 1216512K, 52% used [0x0000000080000000,0x00000000a738d1f8,0x00000000ca400000)
 Metaspace       used 95089K, committed 96704K, reserved 1179648K
  class space    used 9532K, committed 10304K, reserved 1048576K
}
Event: 46007.623 GC heap before
{Heap before GC invocations=2223 (full 6):
 PSYoungGen      total 10240K, used 10076K [0x00000000d5580000, 0x00000000d6580000, 0x0000000100000000)
  eden space 9216K, 100% used [0x00000000d5580000,0x00000000d5e80000,0x00000000d5e80000)
  from space 1024K, 83% used [0x00000000d6480000,0x00000000d6557000,0x00000000d6580000)
  to   space 3072K, 0% used [0x00000000d5f80000,0x00000000d5f80000,0x00000000d6280000)
 ParOldGen       total 1216512K, used 642612K [0x0000000080000000, 0x00000000ca400000, 0x00000000d5580000)
  object space 1216512K, 52% used [0x0000000080000000,0x00000000a738d1f8,0x00000000ca400000)
 Metaspace       used 95089K, committed 96704K, reserved 1179648K
  class space    used 9532K, committed 10304K, reserved 1048576K
}
Event: 46007.681 GC heap after
{Heap after GC invocations=2223 (full 6):
 PSYoungGen      total 13312K, used 3068K [0x00000000d5580000, 0x00000000d7580000, 0x0000000100000000)
  eden space 10240K, 0% used [0x00000000d5580000,0x00000000d5580000,0x00000000d5f80000)
  from space 3072K, 99% used [0x00000000d5f80000,0x00000000d627f008,0x00000000d6280000)
  to   space 10752K, 0% used [0x00000000d6b00000,0x00000000d6b00000,0x00000000d7580000)
 ParOldGen       total 1216512K, used 648704K [0x0000000080000000, 0x00000000ca400000, 0x00000000d5580000)
  object space 1216512K, 53% used [0x0000000080000000,0x00000000a7980108,0x00000000ca400000)
 Metaspace       used 95089K, committed 96704K, reserved 1179648K
  class space    used 9532K, committed 10304K, reserved 1048576K
}
Event: 46007.906 GC heap before
{Heap before GC invocations=2224 (full 6):
 PSYoungGen      total 13312K, used 13308K [0x00000000d5580000, 0x00000000d7580000, 0x0000000100000000)
  eden space 10240K, 99% used [0x00000000d5580000,0x00000000d5f7fff8,0x00000000d5f80000)
  from space 3072K, 99% used [0x00000000d5f80000,0x00000000d627f008,0x00000000d6280000)
  to   space 10752K, 0% used [0x00000000d6b00000,0x00000000d6b00000,0x00000000d7580000)
 ParOldGen       total 1216512K, used 648704K [0x0000000080000000, 0x00000000ca400000, 0x00000000d5580000)
  object space 1216512K, 53% used [0x0000000080000000,0x00000000a7980108,0x00000000ca400000)
 Metaspace       used 95094K, committed 96768K, reserved 1179648K
  class space    used 9532K, committed 10304K, reserved 1048576K
}
Event: 46007.929 GC heap after
{Heap after GC invocations=2224 (full 6):
 PSYoungGen      total 18432K, used 5779K [0x00000000d5580000, 0x00000000d7100000, 0x0000000100000000)
  eden space 12288K, 0% used [0x00000000d5580000,0x00000000d5580000,0x00000000d6180000)
  from space 6144K, 94% used [0x00000000d6b00000,0x00000000d70a4d80,0x00000000d7100000)
  to   space 7168K, 0% used [0x00000000d6300000,0x00000000d6300000,0x00000000d6a00000)
 ParOldGen       total 1216512K, used 651812K [0x0000000080000000, 0x00000000ca400000, 0x00000000d5580000)
  object space 1216512K, 53% used [0x0000000080000000,0x00000000a7c89110,0x00000000ca400000)
 Metaspace       used 95094K, committed 96768K, reserved 1179648K
  class space    used 9532K, committed 10304K, reserved 1048576K
}
Event: 46066.081 GC heap before
{Heap before GC invocations=2225 (full 6):
 PSYoungGen      total 18432K, used 18067K [0x00000000d5580000, 0x00000000d7100000, 0x0000000100000000)
  eden space 12288K, 100% used [0x00000000d5580000,0x00000000d6180000,0x00000000d6180000)
  from space 6144K, 94% used [0x00000000d6b00000,0x00000000d70a4d80,0x00000000d7100000)
  to   space 7168K, 0% used [0x00000000d6300000,0x00000000d6300000,0x00000000d6a00000)
 ParOldGen       total 1216512K, used 682532K [0x0000000080000000, 0x00000000ca400000, 0x00000000d5580000)
  object space 1216512K, 56% used [0x0000000080000000,0x00000000a9a89140,0x00000000ca400000)
 Metaspace       used 95098K, committed 96768K, reserved 1179648K
  class space    used 9532K, committed 10304K, reserved 1048576K
}
Event: 46066.110 GC heap after
{Heap after GC invocations=2225 (full 6):
 PSYoungGen      total 15360K, used 1184K [0x00000000d5580000, 0x00000000d6b80000, 0x0000000100000000)
  eden space 13824K, 0% used [0x00000000d5580000,0x00000000d5580000,0x00000000d6300000)
  from space 1536K, 77% used [0x00000000d6300000,0x00000000d6428000,0x00000000d6480000)
  to   space 3584K, 0% used [0x00000000d6800000,0x00000000d6800000,0x00000000d6b80000)
 ParOldGen       total 1216512K, used 686206K [0x0000000080000000, 0x00000000ca400000, 0x00000000d5580000)
  object space 1216512K, 56% used [0x0000000080000000,0x00000000a9e1fb88,0x00000000ca400000)
 Metaspace       used 95098K, committed 96768K, reserved 1179648K
  class space    used 9532K, committed 10304K, reserved 1048576K
}

